make all --print-data-base --no-builtin-variables --no-builtin-rules --question
# GNU Make 4.2.1
# Built for x86_64-pc-linux-gnu
# Copyright (C) 1988-2016 Free Software Foundation, Inc.
# License GPLv3+: GNU GPL version 3 or later <http://gnu.org/licenses/gpl.html>
# This is free software: you are free to change and redistribute it.
# There is NO WARRANTY, to the extent permitted by law.

# Make data base, printed on Fri Aug  5 20:03:13 2022

# Variables

# 'override' directive
GNUMAKEFLAGS := 
# automatic
<D = $(patsubst %/,%,$(dir $<))
# automatic
?F = $(notdir $?)
# environment
DESKTOP_SESSION = ubuntu
# environment
OPAM_SWITCH_PREFIX = /home/thomas/.opam/4.11.1
# default
.SHELLFLAGS := -c
# environment
OCAML_TOPLEVEL_PATH = /home/thomas/.opam/4.11.1/lib/toplevel
# environment
XDG_SESSION_CLASS = user
# environment
XDG_SESSION_TYPE = x11
# makefile (from 'Makefile', line 5)
TARGET = $(OBJDIR)/jack_compiler
# automatic
?D = $(patsubst %/,%,$(dir $?))
# environment
IM_CONFIG_PHASE = 1
# environment
PLATFORMIO_IDE = 2.5.1
# automatic
@D = $(patsubst %/,%,$(dir $@))
# environment
XAUTHORITY = /run/user/1000/gdm/Xauthority
# environment
GDMSESSION = ubuntu
# environment
XMODIFIERS = @im=ibus
# makefile
CURDIR := /home/thomas/nand2tetris/nand2tetris_projects/10/src
# makefile
SHELL = /bin/sh
# environment
VSCODE_NLS_CONFIG = {"locale":"en-us","availableLanguages":{},"_languagePackSupport":true}
# environment
_ = /usr/share/code/code
# makefile (from 'Makefile', line 1)
CFLAGS = -std=c++17 -MMD -MP -Wall -Werror -fsanitize=address,undefined -DXML
# environment
JOURNAL_STREAM = 8:55432
# environment
XDG_CONFIG_DIRS = /etc/xdg/xdg-ubuntu:/etc/xdg
# makefile (from 'bin/main.d', line 1)
MAKEFILE_LIST :=  Makefile bin/expr_node/expr_node.d bin/main.d
# automatic
@F = $(notdir $@)
# environment
GIO_LAUNCHED_DESKTOP_FILE = /usr/share/applications/code.desktop
# environment
QT_IM_MODULE = ibus
# environment
USERNAME = thomas
# environment
XDG_DATA_DIRS = /usr/share/ubuntu:/home/thomas/.local/share/flatpak/exports/share:/var/lib/flatpak/exports/share:/usr/local/share/:/usr/share/:/var/lib/snapd/desktop
# environment
DBUS_SESSION_BUS_ADDRESS = unix:path=/run/user/1000/bus
# environment
MANAGERPID = 2089
# environment
LESSOPEN = | /usr/bin/lesspipe %s
# environment
VSCODE_CWD = /home/thomas
# default
MAKE_HOST := x86_64-pc-linux-gnu
# environment
NO_PROXY = 127.0.0.1
# environment
GPG_AGENT_INFO = /run/user/1000/gnupg/S.gpg-agent:0:1
# environment
SESSION_MANAGER = local/thomas-IdeaPad-3-15ALC6:@/tmp/.ICE-unix/2368,unix/thomas-IdeaPad-3-15ALC6:/tmp/.ICE-unix/2368
# environment
XDG_RUNTIME_DIR = /run/user/1000
# makefile (from 'Makefile', line 9)
dep = $(obj:.o=.d)
# environment
XDG_MENU_PREFIX = gnome-
# environment
ELECTRON_RUN_AS_NODE = 1
# environment
INVOCATION_ID = da0443c12bcb4e7a963b3ffe400bf255
# default
.FEATURES := target-specific order-only second-expansion else-if shortest-stem undefine oneshell archives jobserver output-sync check-symlink load
# environment
LS_COLORS = 
# environment
XDG_SESSION_DESKTOP = ubuntu
# environment
SSH_AUTH_SOCK = /run/user/1000/keyring/ssh
# environment
GIO_LAUNCHED_DESKTOP_FILE_PID = 43688
# automatic
%F = $(notdir $%)
# environment
DISPLAY = :0
# makefile (from 'Makefile', line 3)
SRCDIR = src
# makefile (from 'Makefile', line 10)
dirs = $(sort $(dir $(obj)))
# environment
PWD = /home/thomas/nand2tetris/nand2tetris_projects/10/src
# makefile (from 'Makefile', line 7)
src = $(shell find $(SRCDIR) -name '*.cpp')
# default
.LOADED := 
# environment
SSH_AGENT_PID = 2294
# environment
ORIGINAL_XDG_CURRENT_DESKTOP = ubuntu:GNOME
# environment
GTK_MODULES = gail:atk-bridge
# environment
MANPATH = :/home/thomas/.opam/4.11.1/man:/home/thomas/.opam/4.11.1/man
# environment
VSCODE_AMD_ENTRYPOINT = vs/workbench/api/node/extensionHostProcess
# environment
HOME = /home/thomas
# environment
LESSCLOSE = /usr/bin/lesspipe %s %s
# environment
VSCODE_CODE_CACHE_PATH = /home/thomas/.config/Code/CachedData/b06ae3b2d2dbfe28bca3134cc6be65935cdfea6a
# environment
LOGNAME = thomas
# environment
APPLICATION_INSIGHTS_NO_DIAGNOSTIC_CHANNEL = 1
# environment
VSCODE_HANDLES_UNCAUGHT_ERRORS = true
# environment
GNOME_DESKTOP_SESSION_ID = this-is-deprecated
# automatic
^D = $(patsubst %/,%,$(dir $^))
# makefile (from 'Makefile', line 8)
obj = $(patsubst $(SRCDIR)/%.cpp, $(OBJDIR)/%.o, $(src))
# environment
MAKELEVEL := 0
# environment
PLATFORMIO_PATH = /home/thomas/.platformio/python3/bin:/home/thomas/.opam/4.11.1/bin:/home/linuxbrew/.linuxbrew/bin:/home/thomas/.yarn/bin:/home/thomas/.local/bin:/home/thomas/.local/bin:/home/thomas/.yarn/bin:/home/linuxbrew/.linuxbrew/bin:/home/thomas/.cargo/bin:/home/thomas/.opam/4.11.1/bin:/home/linuxbrew/.linuxbrew/bin:/home/thomas/.yarn/bin:/home/thomas/.local/bin:/usr/local/sbin:/usr/local/bin:/usr/sbin:/usr/bin:/sbin:/bin:/usr/games:/usr/local/games:/snap/bin
# default
MAKE = $(MAKE_COMMAND)
# default
MAKECMDGOALS := all
# environment
PATH = /home/thomas/.opam/4.11.1/bin:/home/linuxbrew/.linuxbrew/bin:/home/thomas/.yarn/bin:/home/thomas/.local/bin:/home/thomas/.local/bin:/home/thomas/.yarn/bin:/home/linuxbrew/.linuxbrew/bin:/home/thomas/.cargo/bin:/home/thomas/.opam/4.11.1/bin:/home/linuxbrew/.linuxbrew/bin:/home/thomas/.yarn/bin:/home/thomas/.local/bin:/usr/local/sbin:/usr/local/bin:/usr/sbin:/usr/bin:/sbin:/bin:/usr/games:/usr/local/games:/snap/bin
# environment
SHLVL = 0
# environment
GNOME_SHELL_SESSION_MODE = ubuntu
# default
MAKE_VERSION := 4.2.1
# environment
USER = thomas
# environment
CAML_LD_LIBRARY_PATH = /home/thomas/.opam/4.11.1/lib/stublibs:/home/thomas/.opam/4.11.1/lib/ocaml/stublibs:/home/thomas/.opam/4.11.1/lib/ocaml
# makefile
.DEFAULT_GOAL := all
# environment
XDG_CURRENT_DESKTOP = Unity
# automatic
%D = $(patsubst %/,%,$(dir $%))
# default
MAKE_COMMAND := make
# default
.VARIABLES := 
# automatic
*F = $(notdir $*)
# environment
VSCODE_IPC_HOOK = /run/user/1000/vscode-6002357e-1.69.1-main.sock
# makefile
MAKEFLAGS = pqrR
# environment
MFLAGS = -pqrR
# automatic
*D = $(patsubst %/,%,$(dir $*))
# automatic
+D = $(patsubst %/,%,$(dir $+))
# environment
GDK_BACKEND = x11
# automatic
+F = $(notdir $+)
# environment
QT_ACCESSIBILITY = 1
# 'override' directive
.SHELLSTATUS := 0
# default
MAKEFILES := 
# automatic
<F = $(notdir $<)
# environment
PLATFORMIO_CALLER = vscode
# makefile (from 'Makefile', line 4)
OBJDIR = bin
# environment
LC_ALL = C
# environment
GJS_DEBUG_TOPICS = JS ERROR;JS LOG
# automatic
^F = $(notdir $^)
# default
SUFFIXES := 
# environment
CHROME_DESKTOP = code-url-handler.desktop
# environment
WINDOWPATH = 2
# default
.INCLUDE_DIRS = /usr/include /usr/local/include /usr/include
# environment
GJS_DEBUG_OUTPUT = stderr
# default
.RECIPEPREFIX := 
# environment
LANG = C
# environment
VSCODE_PID = 43688
# variable set hash-table stats:
# Load=109/1024=11%, Rehash=0, Collisions=26/163=16%

# Pattern-specific Variable Values

# No pattern-specific variable values.

# Directories

# . (device 66309, inode 5242884): 6 files, no impossibilities.
# src (device 66309, inode 5243384): No files, no impossibilities so far.

# 6 files, no impossibilities in 2 directories.

# Implicit Rules

bin/%.o: src/%.cpp
#  recipe to execute (from 'Makefile', line 26):
	g++ $(CFLAGS) -c $< -o $@

# 1 implicit rules, 0 (0.0%) terminal.

# Files

# Not a target:
bin/expr_node/expr_node.d:
#  Implicit rule search has been done.
#  Last modified 2022-08-05 17:47:55.082848332
#  File has been updated.
#  Successfully updated.

# Not a target:
bin/tokenizer.d:
#  Implicit rule search has been done.
#  File does not exist.
#  File has been updated.
#  Failed to be updated.

all:
#  Command line target.
#  Implicit rule search has not been done.
#  Implicit/static pattern stem: ''
#  File does not exist.
#  File has been updated.
#  Needs to be updated (-q is set).
# automatic
# @ := all
# automatic
# % := 
# automatic
# * := 
 
# automatic
# + := 
# automatic
# | := 
# automatic
# < := 
# automatic
# ^ := 
# automatic
# ? := 
# variable set hash-table stats:
# Load=8/32=25%, Rehash=0, Collisions=1/11=9%
#  recipe to execute (from 'Makefile', line 13):
	make jack_compiler

# Not a target:
bin/tokens/token.o:
#  Implicit rule search has not been done.
#  Modification time never checked.
#  File has not been updated.

.PHONY: clean prints jack_compiler
#  Implicit rule search has not been done.
#  Modification time never checked.
#  File has not been updated.

prints:
#  Phony target (prerequisite of .PHONY).
#  Implicit rule search has not been done.
#  File does not exist.
#  File has not been updated.
#  recipe to execute (from 'Makefile', line 38):
	echo '$(src)'

# Not a target:
.SUFFIXES:
#  Implicit rule search has not been done.
#  Modification time never checked.
#  File has not been updated.

# Not a target:
Makefile:
#  Implicit rule search has been done.
#  Last modified 2022-08-05 17:04:16.615886288
#  File has been updated.
#  Successfully updated.

bin/expr_node/expr_node.o: src/expr_node/expr_node.cpp
#  Implicit rule search has not been done.
#  Modification time never checked.
#  File has not been updated.

# Not a target:
bin/tokenizer.o:
#  Implicit rule search has not been done.
#  Modification time never checked.
#  File has not been updated.

# Not a target:
src/expr_node/expr_node.cpp:
#  Implicit rule search has not been done.
#  Modification time never checked.
#  File has not been updated.

# Not a target:
bin/main.d:
#  Implicit rule search has been done.
#  Last modified 2022-08-05 17:47:55.358860774
#  File has been updated.
#  Successfully updated.

# Not a target:
.DEFAULT:
#  Implicit rule search has not been done.
#  Modification time never checked.
#  File has not been updated.

clean:
#  Phony target (prerequisite of .PHONY).
#  Implicit rule search has not been done.
#  File does not exist.
#  File has not been updated.
#  recipe to execute (from 'Makefile', line 33):
	rm -r -f $(OBJDIR) \
	
	rm -f $(obj) $(TARGET) $(dep)

jack_compiler:
#  Phony target (prerequisite of .PHONY).
#  Implicit rule search has not been done.
#  File does not exist.
#  File has not been updated.
#  recipe to execute (from 'Makefile', line 16):
	mkdir -p $(OBJDIR) \
	
	mkdir -p $(dirs) \

	make $(TARGET)

# Not a target:
src/main.cpp:
#  Implicit rule search has not been done.
#  Modification time never checked.
#  File has not been updated.

bin/main.o: src/main.cpp
#  Implicit rule search has not been done.
#  Modification time never checked.
#  File has not been updated.

# Not a target:
bin/tokens/token.d:
#  Implicit rule search has been done.
#  File does not exist.
#  File has been updated.
#  Failed to be updated.

bin/jack_compiler: bin/expr_node/expr_node.o bin/main.o bin/tokenizer.o bin/tokens/token.o
#  Implicit rule search has not been done.
#  Modification time never checked.
#  File has not been updated.
#  recipe to execute (from 'Makefile', line 23):
	g++ $(CFLAGS) $^ -o $@

# files hash-table stats:
# Load=19/1024=2%, Rehash=0, Collisions=3/48=6%
# VPATH Search Paths

# No 'vpath' search paths.

# No general ('VPATH' variable) search path.

# strcache buffers: 1 (0) / strings = 28 / storage = 340 B / avg = 12 B
# current buf: size = 8162 B / used = 340 B / count = 28 / avg = 12 B

# strcache performance: lookups = 52 / hit rate = 46%
# hash-table stats:
# Load=28/8192=0%, Rehash=0, Collisions=3/52=6%
# Finished Make data base on Fri Aug  5 20:03:13 2022

 
